<?xml version="1.0" encoding="UTF-8"?>
<testng-results ignored="13" total="14" passed="0" failed="1" skipped="0">
  <reporter-output>
  </reporter-output>
  <suite started-at="2019-10-30T13:28:45 MDT" name="Android Just For Testing Suite" finished-at="2019-10-30T13:30:20 MDT" duration-ms="95930">
    <groups>
      <group name="all">
        <method signature="DirectoryScreenTest.directoryScreenTest(java.lang.String, java.lang.String, java.lang.String, java.lang.String)[pri:0, instance:LDSToolsAppiumTest.DirectoryScreenTest@4ba2ca36]" name="directoryScreenTest" class="LDSToolsAppiumTest.DirectoryScreenTest"/>
      </group> <!-- all -->
      <group name="smoke2">
        <method signature="DirectoryScreenTest.directoryScreenTest(java.lang.String, java.lang.String, java.lang.String, java.lang.String)[pri:0, instance:LDSToolsAppiumTest.DirectoryScreenTest@4ba2ca36]" name="directoryScreenTest" class="LDSToolsAppiumTest.DirectoryScreenTest"/>
      </group> <!-- smoke2 -->
      <group name="smoke">
        <method signature="DirectoryScreenTest.directoryScreenTest(java.lang.String, java.lang.String, java.lang.String, java.lang.String)[pri:0, instance:LDSToolsAppiumTest.DirectoryScreenTest@4ba2ca36]" name="directoryScreenTest" class="LDSToolsAppiumTest.DirectoryScreenTest"/>
      </group> <!-- smoke -->
      <group name="jft">
        <method signature="DirectoryScreenTest.directoryScreenTest(java.lang.String, java.lang.String, java.lang.String, java.lang.String)[pri:0, instance:LDSToolsAppiumTest.DirectoryScreenTest@4ba2ca36]" name="directoryScreenTest" class="LDSToolsAppiumTest.DirectoryScreenTest"/>
      </group> <!-- jft -->
      <group name="all2">
        <method signature="DirectoryScreenTest.directoryScreenTest(java.lang.String, java.lang.String, java.lang.String, java.lang.String)[pri:0, instance:LDSToolsAppiumTest.DirectoryScreenTest@4ba2ca36]" name="directoryScreenTest" class="LDSToolsAppiumTest.DirectoryScreenTest"/>
      </group> <!-- all2 -->
    </groups>
    <test started-at="2019-10-30T13:28:45 MDT" name="Android Just For Testing" finished-at="2019-10-30T13:30:20 MDT" duration-ms="95930">
      <class name="LDSToolsAppiumTest.DirectoryScreenTest">
        <test-method is-config="true" signature="setUp(java.lang.String, java.lang.String, java.lang.String, int)[pri:0, instance:LDSToolsAppiumTest.DirectoryScreenTest@4ba2ca36]" started-at="2019-10-30T13:28:45 MDT" name="setUp" finished-at="2019-10-30T13:29:07 MDT" duration-ms="22748" status="PASS">
          <params>
            <param index="0">
              <value>
                <![CDATA[android]]>
              </value>
            </param>
            <param index="1">
              <value>
                <![CDATA[ldstools-alpha.apk]]>
              </value>
            </param>
            <param index="2">
              <value>
                <![CDATA[emulator-5554]]>
              </value>
            </param>
            <param index="3">
              <value>
                <![CDATA[200]]>
              </value>
            </param>
          </params>
          <reporter-output>
          </reporter-output>
        </test-method> <!-- setUp -->
        <test-method signature="directoryScreenTest(java.lang.String, java.lang.String, java.lang.String, java.lang.String)[pri:0, instance:LDSToolsAppiumTest.DirectoryScreenTest@4ba2ca36]" started-at="2019-10-30T13:29:07 MDT" name="directoryScreenTest" data-provider="Members" finished-at="2019-10-30T13:29:55 MDT" duration-ms="48160" status="FAIL">
          <params>
            <param index="0">
              <value>
                <![CDATA[LDSTools21]]>
              </value>
            </param>
            <param index="1">
              <value>
                <![CDATA[password1]]>
              </value>
            </param>
            <param index="2">
              <value>
                <![CDATA[2]]>
              </value>
            </param>
            <param index="3">
              <value>
                <![CDATA[elders]]>
              </value>
            </param>
          </params>
          <exception class="org.openqa.selenium.TimeoutException">
            <message>
              <![CDATA[Expected condition failed: waiting for presence of element located by: By.xpath: //*[contains(@text, 'Updating')] (tried for 30 second(s) with 500 milliseconds interval)]]>
            </message>
            <full-stacktrace>
              <![CDATA[org.openqa.selenium.TimeoutException: Expected condition failed: waiting for presence of element located by: By.xpath: //*[contains(@text, 'Updating')] (tried for 30 second(s) with 500 milliseconds interval)
at org.openqa.selenium.support.ui.WebDriverWait.timeoutException(WebDriverWait.java:95)
at org.openqa.selenium.support.ui.FluentWait.until(FluentWait.java:272)
at LDSToolsAppium.BasePage.waitForText(BasePage.java:614)
at LDSToolsAppiumTest.HelperMethods.loginUAT(HelperMethods.java:61)
at LDSToolsAppiumTest.DirectoryScreenTest.directoryScreenTest(DirectoryScreenTest.java:39)
at java.base/jdk.internal.reflect.NativeMethodAccessorImpl.invoke0(Native Method)
at java.base/jdk.internal.reflect.NativeMethodAccessorImpl.invoke(NativeMethodAccessorImpl.java:62)
at java.base/jdk.internal.reflect.DelegatingMethodAccessorImpl.invoke(DelegatingMethodAccessorImpl.java:43)
at java.base/java.lang.reflect.Method.invoke(Method.java:567)
at org.testng.internal.MethodInvocationHelper.invokeMethod(MethodInvocationHelper.java:133)
at org.testng.internal.TestInvoker.invokeMethod(TestInvoker.java:584)
at org.testng.internal.TestInvoker.invokeTestMethod(TestInvoker.java:172)
at org.testng.internal.MethodRunner.runInSequence(MethodRunner.java:46)
at org.testng.internal.TestInvoker$MethodInvocationAgent.invoke(TestInvoker.java:804)
at org.testng.internal.TestInvoker.invokeTestMethods(TestInvoker.java:145)
at org.testng.internal.TestMethodWorker.invokeTestMethods(TestMethodWorker.java:146)
at org.testng.internal.TestMethodWorker.run(TestMethodWorker.java:128)
at java.base/java.util.ArrayList.forEach(ArrayList.java:1507)
at org.testng.TestRunner.privateRun(TestRunner.java:770)
at org.testng.TestRunner.run(TestRunner.java:591)
at org.testng.SuiteRunner.runTest(SuiteRunner.java:402)
at org.testng.SuiteRunner.runSequentially(SuiteRunner.java:396)
at org.testng.SuiteRunner.privateRun(SuiteRunner.java:355)
at org.testng.SuiteRunner.run(SuiteRunner.java:304)
at org.testng.SuiteRunnerWorker.runSuite(SuiteRunnerWorker.java:53)
at org.testng.SuiteRunnerWorker.run(SuiteRunnerWorker.java:96)
at org.testng.TestNG.runSuitesSequentially(TestNG.java:1180)
at org.testng.TestNG.runSuitesLocally(TestNG.java:1102)
at org.testng.TestNG.runSuites(TestNG.java:1032)
at org.testng.TestNG.run(TestNG.java:1000)
at org.testng.IDEARemoteTestNG.run(IDEARemoteTestNG.java:73)
at org.testng.RemoteTestNGStarter.main(RemoteTestNGStarter.java:123)
Caused by: org.openqa.selenium.NoSuchElementException: An element could not be located on the page using the given search parameters.
For documentation on this error, please visit: https://www.seleniumhq.org/exceptions/no_such_element.html
Build info: version: '3.141.59', revision: 'e82be7d358', time: '2018-11-14T08:17:03'
System info: host: 'Zades-MacBook-Pro.local', ip: '169.254.246.250', os.name: 'Mac OS X', os.arch: 'x86_64', os.version: '10.14.6', java.version: '13'
Driver info: io.appium.java_client.android.AndroidDriver
Capabilities {app: /Users/zmaxfield/Documents/..., appPackage: org.lds.ldstools.alpha, appWaitActivity: org.lds.ldstools.ux.auth.Au..., appWaitDuration: 40000, automationName: uiautomator2, clearDeviceLogsOnStart: true, databaseEnabled: false, desired: {app: /Users/zmaxfield/Documents/..., appPackage: org.lds.ldstools.alpha, appWaitActivity: org.lds.ldstools.ux.auth.Au..., appWaitDuration: 40000, automationName: uiautomator2, clearDeviceLogsOnStart: true, deviceName: emulator-5554, deviceReadyTimeout: 60, dontStopAppOnReset: true, fullReset: true, gpsEnabled: true, newCommandTimeout: 2000, noSign: true, normalizeTagNames: true, platformName: android, resetKeyboard: true, udid: emulator-5554, unicodeKeyboard: true, unlockKey: 1133, unlockType: pin}, deviceApiLevel: 29, deviceManufacturer: Google, deviceModel: Android SDK built for x86, deviceName: emulator-5554, deviceReadyTimeout: 60, deviceScreenDensity: 440, deviceScreenSize: 1080x2220, deviceUDID: emulator-5554, dontStopAppOnReset: true, fullReset: true, gpsEnabled: true, javascriptEnabled: true, locationContextEnabled: false, networkConnectionEnabled: true, newCommandTimeout: 2000, noSign: true, normalizeTagNames: true, pixelRatio: 2.75, platform: LINUX, platformName: android, platformVersion: 10, resetKeyboard: true, statBarHeight: 66, takesScreenshot: true, udid: emulator-5554, unicodeKeyboard: true, unlockKey: 1133, unlockType: pin, viewportRect: {height: 2022, left: 0, top: 66, width: 1080}, warnings: {}, webStorageEnabled: false}
Session ID: 900e2eeb-5256-497b-905c-ed1ac06da58e
*** Element info: {Using=xpath, value=//*[contains(@text, 'Updating')]}
at jdk.internal.reflect.GeneratedConstructorAccessor14.newInstance(Unknown Source)
at java.base/jdk.internal.reflect.DelegatingConstructorAccessorImpl.newInstance(DelegatingConstructorAccessorImpl.java:45)
at java.base/java.lang.reflect.Constructor.newInstanceWithCaller(Constructor.java:500)
at java.base/java.lang.reflect.Constructor.newInstance(Constructor.java:481)
at org.openqa.selenium.remote.http.W3CHttpResponseCodec.createException(W3CHttpResponseCodec.java:187)
at org.openqa.selenium.remote.http.W3CHttpResponseCodec.decode(W3CHttpResponseCodec.java:122)
at org.openqa.selenium.remote.http.W3CHttpResponseCodec.decode(W3CHttpResponseCodec.java:49)
at org.openqa.selenium.remote.HttpCommandExecutor.execute(HttpCommandExecutor.java:158)
at io.appium.java_client.remote.AppiumCommandExecutor.execute(AppiumCommandExecutor.java:239)
at org.openqa.selenium.remote.RemoteWebDriver.execute(RemoteWebDriver.java:552)
at io.appium.java_client.DefaultGenericMobileDriver.execute(DefaultGenericMobileDriver.java:41)
at io.appium.java_client.AppiumDriver.execute(AppiumDriver.java:1)
at io.appium.java_client.android.AndroidDriver.execute(AndroidDriver.java:1)
at org.openqa.selenium.remote.RemoteWebDriver.findElement(RemoteWebDriver.java:323)
at io.appium.java_client.DefaultGenericMobileDriver.findElement(DefaultGenericMobileDriver.java:61)
at io.appium.java_client.AppiumDriver.findElement(AppiumDriver.java:1)
at io.appium.java_client.android.AndroidDriver.findElement(AndroidDriver.java:1)
at org.openqa.selenium.remote.RemoteWebDriver.findElementByXPath(RemoteWebDriver.java:428)
at io.appium.java_client.DefaultGenericMobileDriver.findElementByXPath(DefaultGenericMobileDriver.java:151)
at io.appium.java_client.AppiumDriver.findElementByXPath(AppiumDriver.java:1)
at io.appium.java_client.android.AndroidDriver.findElementByXPath(AndroidDriver.java:1)
at org.openqa.selenium.By$ByXPath.findElement(By.java:353)
at org.openqa.selenium.remote.RemoteWebDriver.findElement(RemoteWebDriver.java:315)
at io.appium.java_client.DefaultGenericMobileDriver.findElement(DefaultGenericMobileDriver.java:57)
at io.appium.java_client.AppiumDriver.findElement(AppiumDriver.java:1)
at io.appium.java_client.android.AndroidDriver.findElement(AndroidDriver.java:1)
at org.openqa.selenium.support.ui.ExpectedConditions$6.apply(ExpectedConditions.java:182)
at org.openqa.selenium.support.ui.ExpectedConditions$6.apply(ExpectedConditions.java:179)
at org.openqa.selenium.support.ui.FluentWait.until(FluentWait.java:249)
... 30 more
]]>
            </full-stacktrace>
          </exception> <!-- org.openqa.selenium.TimeoutException -->
          <reporter-output>
          </reporter-output>
        </test-method> <!-- directoryScreenTest -->
        <test-method is-config="true" signature="teardown(org.testng.ITestResult)[pri:0, instance:LDSToolsAppiumTest.DirectoryScreenTest@4ba2ca36]" started-at="2019-10-30T13:29:55 MDT" name="teardown" finished-at="2019-10-30T13:30:18 MDT" duration-ms="22990" status="PASS">
          <params>
            <param index="0">
              <value>
                <![CDATA[[TestResult name=directoryScreenTest status=FAILURE method=DirectoryScreenTest.directoryScreenTest(java.lang.String, java.lang.String, java.lang.String, java.lang.String)[pri:0, instance:LDSToolsAppiumTest.DirectoryScreenTest@4ba2ca36] output={null}]]]>
              </value>
            </param>
          </params>
          <reporter-output>
          </reporter-output>
        </test-method> <!-- teardown -->
        <test-method is-config="true" signature="afterClass()[pri:0, instance:LDSToolsAppiumTest.DirectoryScreenTest@4ba2ca36]" started-at="2019-10-30T13:30:18 MDT" name="afterClass" finished-at="2019-10-30T13:30:20 MDT" duration-ms="1989" status="PASS">
          <reporter-output>
          </reporter-output>
        </test-method> <!-- afterClass -->
      </class> <!-- LDSToolsAppiumTest.DirectoryScreenTest -->
      <class name="LDSToolsAppium.BaseDriver">
        <test-method is-config="true" signature="removeFilesBeforeTest()[pri:0, instance:LDSToolsAppium.BaseDriver@4df828d7]" started-at="2019-10-30T13:28:44 MDT" name="removeFilesBeforeTest" finished-at="2019-10-30T13:28:45 MDT" duration-ms="25" status="PASS">
          <reporter-output>
          </reporter-output>
        </test-method> <!-- removeFilesBeforeTest -->
        <test-method is-config="true" signature="afterAllTests()[pri:0, instance:LDSToolsAppium.BaseDriver@4df828d7]" started-at="2019-10-30T13:30:21 MDT" name="afterAllTests" finished-at="2019-10-30T13:30:24 MDT" duration-ms="3183" status="PASS">
          <reporter-output>
          </reporter-output>
        </test-method> <!-- afterAllTests -->
      </class> <!-- LDSToolsAppium.BaseDriver -->
    </test> <!-- Android Just For Testing -->
  </suite> <!-- Android Just For Testing Suite -->
</testng-results>
